<?xml version="1.0" encoding="UTF-8"?>
<!-- Generated by org.testng.reporters.JUnitReportReporter -->
<testsuite hostname="SAS-9M38043" failures="0" tests="1" name="com.sas.UIAutomation.UIDemo" time="27.456" errors="0" timestamp="2024-02-11T00:37:21 IST" skipped="0">
  <testcase classname="com.sas.UIAutomation.UIDemo" name="f" time="27.456"/>
  <system-out/>
</testsuite> <!-- com.sas.UIAutomation.UIDemo -->
