<?xml version="1.0" encoding="UTF-8"?>
<!-- Generated by org.testng.reporters.JUnitReportReporter -->
<testsuite hostname="SAS-9M38043" failures="0" tests="1" name="com.sas.APIAutomation.NewTest" time="2.212" errors="0" timestamp="2023-04-06T16:58:43 IST" skipped="0">
  <testcase classname="com.sas.APIAutomation.NewTest" name="f" time="2.212"/>
  <system-out/>
</testsuite> <!-- com.sas.APIAutomation.NewTest -->
